nohup: ignoring input
/usr/local/lib/python3.7/site-packages/sklearn/metrics/classification.py:1439: UndefinedMetricWarning: Recall is ill-defined and being set to 0.0 in labels with no true samples.
  'recall', 'true', average, warn_for)
/usr/local/lib/python3.7/site-packages/sklearn/metrics/classification.py:1437: UndefinedMetricWarning: Precision is ill-defined and being set to 0.0 in labels with no predicted samples.
  'precision', 'predicted', average, warn_for)
/usr/local/lib/python3.7/site-packages/sklearn/metrics/classification.py:1437: UndefinedMetricWarning: F-score is ill-defined and being set to 0.0 in labels with no predicted samples.
  'precision', 'predicted', average, warn_for)
/usr/local/lib/python3.7/site-packages/sklearn/metrics/classification.py:1439: UndefinedMetricWarning: F-score is ill-defined and being set to 0.0 in labels with no true samples.
  'recall', 'true', average, warn_for)
/usr/local/lib/python3.7/site-packages/sklearn/linear_model/logistic.py:947: ConvergenceWarning: lbfgs failed to converge. Increase the number of iterations.
  "of iterations.", ConvergenceWarning)
/usr/local/lib/python3.7/site-packages/sklearn/metrics/classification.py:1439: UndefinedMetricWarning: Recall is ill-defined and being set to 0.0 in labels with no true samples.
  'recall', 'true', average, warn_for)
/usr/local/lib/python3.7/site-packages/sklearn/metrics/classification.py:1439: UndefinedMetricWarning: F-score is ill-defined and being set to 0.0 in labels with no true samples.
  'recall', 'true', average, warn_for)
/usr/local/lib/python3.7/site-packages/sklearn/metrics/classification.py:1439: UndefinedMetricWarning: Recall is ill-defined and being set to 0.0 in labels with no true samples.
  'recall', 'true', average, warn_for)
/usr/local/lib/python3.7/site-packages/sklearn/metrics/classification.py:1439: UndefinedMetricWarning: F-score is ill-defined and being set to 0.0 in labels with no true samples.
  'recall', 'true', average, warn_for)
/usr/local/lib/python3.7/site-packages/sklearn/metrics/classification.py:1439: UndefinedMetricWarning: Recall is ill-defined and being set to 0.0 in labels with no true samples.
  'recall', 'true', average, warn_for)
/usr/local/lib/python3.7/site-packages/sklearn/metrics/classification.py:1439: UndefinedMetricWarning: F-score is ill-defined and being set to 0.0 in labels with no true samples.
  'recall', 'true', average, warn_for)
/usr/local/lib/python3.7/site-packages/sklearn/metrics/classification.py:1439: UndefinedMetricWarning: Recall is ill-defined and being set to 0.0 in labels with no true samples.
  'recall', 'true', average, warn_for)
/usr/local/lib/python3.7/site-packages/sklearn/metrics/classification.py:1439: UndefinedMetricWarning: F-score is ill-defined and being set to 0.0 in labels with no true samples.
  'recall', 'true', average, warn_for)
/usr/local/lib/python3.7/site-packages/sklearn/metrics/classification.py:1439: UndefinedMetricWarning: Recall is ill-defined and being set to 0.0 in labels with no true samples.
  'recall', 'true', average, warn_for)
/usr/local/lib/python3.7/site-packages/sklearn/metrics/classification.py:1439: UndefinedMetricWarning: F-score is ill-defined and being set to 0.0 in labels with no true samples.
  'recall', 'true', average, warn_for)
/usr/local/lib/python3.7/site-packages/sklearn/metrics/classification.py:1437: UndefinedMetricWarning: Precision is ill-defined and being set to 0.0 in labels with no predicted samples.
  'precision', 'predicted', average, warn_for)
/usr/local/lib/python3.7/site-packages/sklearn/metrics/classification.py:1437: UndefinedMetricWarning: F-score is ill-defined and being set to 0.0 in labels with no predicted samples.
  'precision', 'predicted', average, warn_for)
/usr/local/lib/python3.7/site-packages/sklearn/metrics/classification.py:1439: UndefinedMetricWarning: Recall is ill-defined and being set to 0.0 in labels with no true samples.
  'recall', 'true', average, warn_for)
/usr/local/lib/python3.7/site-packages/sklearn/metrics/classification.py:1437: UndefinedMetricWarning: Precision is ill-defined and being set to 0.0 in labels with no predicted samples.
  'precision', 'predicted', average, warn_for)
/usr/local/lib/python3.7/site-packages/sklearn/metrics/classification.py:1437: UndefinedMetricWarning: F-score is ill-defined and being set to 0.0 in labels with no predicted samples.
  'precision', 'predicted', average, warn_for)
/usr/local/lib/python3.7/site-packages/sklearn/metrics/classification.py:1439: UndefinedMetricWarning: F-score is ill-defined and being set to 0.0 in labels with no true samples.
  'recall', 'true', average, warn_for)
/usr/local/lib/python3.7/site-packages/sklearn/metrics/classification.py:1437: UndefinedMetricWarning: Precision is ill-defined and being set to 0.0 in labels with no predicted samples.
  'precision', 'predicted', average, warn_for)
/usr/local/lib/python3.7/site-packages/sklearn/metrics/classification.py:1437: UndefinedMetricWarning: F-score is ill-defined and being set to 0.0 in labels with no predicted samples.
  'precision', 'predicted', average, warn_for)
/usr/local/lib/python3.7/site-packages/sklearn/linear_model/logistic.py:947: ConvergenceWarning: lbfgs failed to converge. Increase the number of iterations.
  "of iterations.", ConvergenceWarning)
/usr/local/lib/python3.7/site-packages/sklearn/linear_model/logistic.py:947: ConvergenceWarning: lbfgs failed to converge. Increase the number of iterations.
  "of iterations.", ConvergenceWarning)
/usr/local/lib/python3.7/site-packages/sklearn/linear_model/logistic.py:947: ConvergenceWarning: lbfgs failed to converge. Increase the number of iterations.
  "of iterations.", ConvergenceWarning)
/usr/local/lib/python3.7/site-packages/sklearn/metrics/classification.py:1439: UndefinedMetricWarning: Recall is ill-defined and being set to 0.0 in labels with no true samples.
  'recall', 'true', average, warn_for)
/usr/local/lib/python3.7/site-packages/sklearn/metrics/classification.py:1439: UndefinedMetricWarning: F-score is ill-defined and being set to 0.0 in labels with no true samples.
  'recall', 'true', average, warn_for)
/usr/local/lib/python3.7/site-packages/sklearn/linear_model/logistic.py:947: ConvergenceWarning: lbfgs failed to converge. Increase the number of iterations.
  "of iterations.", ConvergenceWarning)
/usr/local/lib/python3.7/site-packages/sklearn/linear_model/logistic.py:947: ConvergenceWarning: lbfgs failed to converge. Increase the number of iterations.
  "of iterations.", ConvergenceWarning)
/usr/local/lib/python3.7/site-packages/sklearn/linear_model/logistic.py:947: ConvergenceWarning: lbfgs failed to converge. Increase the number of iterations.
  "of iterations.", ConvergenceWarning)
/usr/local/lib/python3.7/site-packages/sklearn/linear_model/logistic.py:947: ConvergenceWarning: lbfgs failed to converge. Increase the number of iterations.
  "of iterations.", ConvergenceWarning)
/usr/local/lib/python3.7/site-packages/sklearn/linear_model/logistic.py:947: ConvergenceWarning: lbfgs failed to converge. Increase the number of iterations.
  "of iterations.", ConvergenceWarning)
/usr/local/lib/python3.7/site-packages/sklearn/linear_model/logistic.py:947: ConvergenceWarning: lbfgs failed to converge. Increase the number of iterations.
  "of iterations.", ConvergenceWarning)
